<?xml version="1.0" encoding="UTF-8"?>
<testng-results ignored="0" total="32" passed="32" failed="0" skipped="0">
  <reporter-output>
  </reporter-output>
  <suite started-at="2023-04-05T18:03:38 EDT" name="Default suite" finished-at="2023-04-05T18:04:01 EDT" duration-ms="23294">
    <groups>
      <group name="cucumber">
        <method signature="AbstractTestNGCucumberTests.runScenario(io.cucumber.testng.PickleWrapper,io.cucumber.testng.FeatureWrapper)[pri:0, instance:runner.runnercucumber@4c178a76]" name="runScenario" class="io.cucumber.testng.AbstractTestNGCucumberTests"/>
      </group> <!-- cucumber -->
    </groups>
    <test started-at="2023-04-05T18:03:38 EDT" name="Default test" finished-at="2023-04-05T18:04:01 EDT" duration-ms="23294">
      <class name="runner.runnercucumber">
        <test-method is-config="true" signature="setUpClass(org.testng.ITestContext)[pri:0, instance:runner.runnercucumber@4c178a76]" started-at="2023-04-05T18:03:38 EDT" name="setUpClass" finished-at="2023-04-05T18:03:43 EDT" duration-ms="4878" status="PASS">
          <params>
            <param index="0">
              <value>
                <![CDATA[org.testng.TestRunner@25bbca43]]>
              </value>
            </param>
          </params>
          <reporter-output>
          </reporter-output>
        </test-method> <!-- setUpClass -->
        <test-method signature="runScenario(io.cucumber.testng.PickleWrapper,io.cucumber.testng.FeatureWrapper)[pri:0, instance:runner.runnercucumber@4c178a76]" started-at="2023-04-05T18:03:43 EDT" name="runScenario" description="Runs Cucumber Scenarios" data-provider="scenarios" finished-at="2023-04-05T18:03:44 EDT" duration-ms="886" status="PASS">
          <params>
            <param index="0">
              <value>
                <![CDATA["launch the home page of dsalgo portal"]]>
              </value>
            </param>
            <param index="1">
              <value>
                <![CDATA["Launch Start page and Test Home Page"]]>
              </value>
            </param>
          </params>
          <reporter-output>
          </reporter-output>
        </test-method> <!-- runScenario -->
        <test-method signature="runScenario(io.cucumber.testng.PickleWrapper,io.cucumber.testng.FeatureWrapper)[pri:0, instance:runner.runnercucumber@4c178a76]" started-at="2023-04-05T18:03:44 EDT" name="runScenario" description="Runs Cucumber Scenarios" data-provider="scenarios" finished-at="2023-04-05T18:03:44 EDT" duration-ms="232" status="PASS">
          <params>
            <param index="0">
              <value>
                <![CDATA["user is on home page"]]>
              </value>
            </param>
            <param index="1">
              <value>
                <![CDATA["Launch Start page and Test Home Page"]]>
              </value>
            </param>
          </params>
          <reporter-output>
          </reporter-output>
        </test-method> <!-- runScenario -->
        <test-method signature="runScenario(io.cucumber.testng.PickleWrapper,io.cucumber.testng.FeatureWrapper)[pri:0, instance:runner.runnercucumber@4c178a76]" started-at="2023-04-05T18:03:44 EDT" name="runScenario" description="Runs Cucumber Scenarios" data-provider="scenarios" finished-at="2023-04-05T18:03:44 EDT" duration-ms="233" status="PASS">
          <params>
            <param index="0">
              <value>
                <![CDATA["user is on home page"]]>
              </value>
            </param>
            <param index="1">
              <value>
                <![CDATA["Launch Start page and Test Home Page"]]>
              </value>
            </param>
          </params>
          <reporter-output>
          </reporter-output>
        </test-method> <!-- runScenario -->
        <test-method signature="runScenario(io.cucumber.testng.PickleWrapper,io.cucumber.testng.FeatureWrapper)[pri:0, instance:runner.runnercucumber@4c178a76]" started-at="2023-04-05T18:03:44 EDT" name="runScenario" description="Runs Cucumber Scenarios" data-provider="scenarios" finished-at="2023-04-05T18:03:45 EDT" duration-ms="229" status="PASS">
          <params>
            <param index="0">
              <value>
                <![CDATA["user is on home page"]]>
              </value>
            </param>
            <param index="1">
              <value>
                <![CDATA["Launch Start page and Test Home Page"]]>
              </value>
            </param>
          </params>
          <reporter-output>
          </reporter-output>
        </test-method> <!-- runScenario -->
        <test-method signature="runScenario(io.cucumber.testng.PickleWrapper,io.cucumber.testng.FeatureWrapper)[pri:0, instance:runner.runnercucumber@4c178a76]" started-at="2023-04-05T18:03:45 EDT" name="runScenario" description="Runs Cucumber Scenarios" data-provider="scenarios" finished-at="2023-04-05T18:03:45 EDT" duration-ms="240" status="PASS">
          <params>
            <param index="0">
              <value>
                <![CDATA["user is on home page"]]>
              </value>
            </param>
            <param index="1">
              <value>
                <![CDATA["Launch Start page and Test Home Page"]]>
              </value>
            </param>
          </params>
          <reporter-output>
          </reporter-output>
        </test-method> <!-- runScenario -->
        <test-method signature="runScenario(io.cucumber.testng.PickleWrapper,io.cucumber.testng.FeatureWrapper)[pri:0, instance:runner.runnercucumber@4c178a76]" started-at="2023-04-05T18:03:45 EDT" name="runScenario" description="Runs Cucumber Scenarios" data-provider="scenarios" finished-at="2023-04-05T18:03:45 EDT" duration-ms="240" status="PASS">
          <params>
            <param index="0">
              <value>
                <![CDATA["user is on home page"]]>
              </value>
            </param>
            <param index="1">
              <value>
                <![CDATA["Launch Start page and Test Home Page"]]>
              </value>
            </param>
          </params>
          <reporter-output>
          </reporter-output>
        </test-method> <!-- runScenario -->
        <test-method signature="runScenario(io.cucumber.testng.PickleWrapper,io.cucumber.testng.FeatureWrapper)[pri:0, instance:runner.runnercucumber@4c178a76]" started-at="2023-04-05T18:03:45 EDT" name="runScenario" description="Runs Cucumber Scenarios" data-provider="scenarios" finished-at="2023-04-05T18:03:45 EDT" duration-ms="339" status="PASS">
          <params>
            <param index="0">
              <value>
                <![CDATA["User is on Home page and click on dropdown without sign in"]]>
              </value>
            </param>
            <param index="1">
              <value>
                <![CDATA["Launch Start page and Test Home Page"]]>
              </value>
            </param>
          </params>
          <reporter-output>
          </reporter-output>
        </test-method> <!-- runScenario -->
        <test-method signature="runScenario(io.cucumber.testng.PickleWrapper,io.cucumber.testng.FeatureWrapper)[pri:0, instance:runner.runnercucumber@4c178a76]" started-at="2023-04-05T18:03:45 EDT" name="runScenario" description="Runs Cucumber Scenarios" data-provider="scenarios" finished-at="2023-04-05T18:03:46 EDT" duration-ms="337" status="PASS">
          <params>
            <param index="0">
              <value>
                <![CDATA["User is on Home page and click on dropdown without sign in"]]>
              </value>
            </param>
            <param index="1">
              <value>
                <![CDATA["Launch Start page and Test Home Page"]]>
              </value>
            </param>
          </params>
          <reporter-output>
          </reporter-output>
        </test-method> <!-- runScenario -->
        <test-method signature="runScenario(io.cucumber.testng.PickleWrapper,io.cucumber.testng.FeatureWrapper)[pri:0, instance:runner.runnercucumber@4c178a76]" started-at="2023-04-05T18:03:46 EDT" name="runScenario" description="Runs Cucumber Scenarios" data-provider="scenarios" finished-at="2023-04-05T18:03:46 EDT" duration-ms="287" status="PASS">
          <params>
            <param index="0">
              <value>
                <![CDATA["User is on Home page and click on dropdown without sign in"]]>
              </value>
            </param>
            <param index="1">
              <value>
                <![CDATA["Launch Start page and Test Home Page"]]>
              </value>
            </param>
          </params>
          <reporter-output>
          </reporter-output>
        </test-method> <!-- runScenario -->
        <test-method signature="runScenario(io.cucumber.testng.PickleWrapper,io.cucumber.testng.FeatureWrapper)[pri:0, instance:runner.runnercucumber@4c178a76]" started-at="2023-04-05T18:03:46 EDT" name="runScenario" description="Runs Cucumber Scenarios" data-provider="scenarios" finished-at="2023-04-05T18:03:46 EDT" duration-ms="292" status="PASS">
          <params>
            <param index="0">
              <value>
                <![CDATA["User is on Home page and click on dropdown without sign in"]]>
              </value>
            </param>
            <param index="1">
              <value>
                <![CDATA["Launch Start page and Test Home Page"]]>
              </value>
            </param>
          </params>
          <reporter-output>
          </reporter-output>
        </test-method> <!-- runScenario -->
        <test-method signature="runScenario(io.cucumber.testng.PickleWrapper,io.cucumber.testng.FeatureWrapper)[pri:0, instance:runner.runnercucumber@4c178a76]" started-at="2023-04-05T18:03:46 EDT" name="runScenario" description="Runs Cucumber Scenarios" data-provider="scenarios" finished-at="2023-04-05T18:03:47 EDT" duration-ms="308" status="PASS">
          <params>
            <param index="0">
              <value>
                <![CDATA["User is on Home page and click on dropdown without sign in"]]>
              </value>
            </param>
            <param index="1">
              <value>
                <![CDATA["Launch Start page and Test Home Page"]]>
              </value>
            </param>
          </params>
          <reporter-output>
          </reporter-output>
        </test-method> <!-- runScenario -->
        <test-method signature="runScenario(io.cucumber.testng.PickleWrapper,io.cucumber.testng.FeatureWrapper)[pri:0, instance:runner.runnercucumber@4c178a76]" started-at="2023-04-05T18:03:47 EDT" name="runScenario" description="Runs Cucumber Scenarios" data-provider="scenarios" finished-at="2023-04-05T18:03:47 EDT" duration-ms="327" status="PASS">
          <params>
            <param index="0">
              <value>
                <![CDATA["User is on Home page and click on dropdown without sign in"]]>
              </value>
            </param>
            <param index="1">
              <value>
                <![CDATA["Launch Start page and Test Home Page"]]>
              </value>
            </param>
          </params>
          <reporter-output>
          </reporter-output>
        </test-method> <!-- runScenario -->
        <test-method signature="runScenario(io.cucumber.testng.PickleWrapper,io.cucumber.testng.FeatureWrapper)[pri:0, instance:runner.runnercucumber@4c178a76]" started-at="2023-04-05T18:03:47 EDT" name="runScenario" description="Runs Cucumber Scenarios" data-provider="scenarios" finished-at="2023-04-05T18:03:47 EDT" duration-ms="142" status="PASS">
          <params>
            <param index="0">
              <value>
                <![CDATA["User is on Home page and click on sign in"]]>
              </value>
            </param>
            <param index="1">
              <value>
                <![CDATA["Launch Start page and Test Home Page"]]>
              </value>
            </param>
          </params>
          <reporter-output>
          </reporter-output>
        </test-method> <!-- runScenario -->
        <test-method signature="runScenario(io.cucumber.testng.PickleWrapper,io.cucumber.testng.FeatureWrapper)[pri:0, instance:runner.runnercucumber@4c178a76]" started-at="2023-04-05T18:03:47 EDT" name="runScenario" description="Runs Cucumber Scenarios" data-provider="scenarios" finished-at="2023-04-05T18:03:47 EDT" duration-ms="143" status="PASS">
          <params>
            <param index="0">
              <value>
                <![CDATA["User is on Home page and click on Register"]]>
              </value>
            </param>
            <param index="1">
              <value>
                <![CDATA["Launch Start page and Test Home Page"]]>
              </value>
            </param>
          </params>
          <reporter-output>
          </reporter-output>
        </test-method> <!-- runScenario -->
        <test-method signature="runScenario(io.cucumber.testng.PickleWrapper,io.cucumber.testng.FeatureWrapper)[pri:0, instance:runner.runnercucumber@4c178a76]" started-at="2023-04-05T18:03:47 EDT" name="runScenario" description="Runs Cucumber Scenarios" data-provider="scenarios" finished-at="2023-04-05T18:03:47 EDT" duration-ms="221" status="PASS">
          <params>
            <param index="0">
              <value>
                <![CDATA["The user is presented with error message for empty fields below Username textbox"]]>
              </value>
            </param>
            <param index="1">
              <value>
                <![CDATA["Title of your feature"]]>
              </value>
            </param>
          </params>
          <reporter-output>
          </reporter-output>
        </test-method> <!-- runScenario -->
        <test-method signature="runScenario(io.cucumber.testng.PickleWrapper,io.cucumber.testng.FeatureWrapper)[pri:0, instance:runner.runnercucumber@4c178a76]" started-at="2023-04-05T18:03:47 EDT" name="runScenario" description="Runs Cucumber Scenarios" data-provider="scenarios" finished-at="2023-04-05T18:03:48 EDT" duration-ms="200" status="PASS">
          <params>
            <param index="0">
              <value>
                <![CDATA["The user is presented with error message for empty fields below Password textbox"]]>
              </value>
            </param>
            <param index="1">
              <value>
                <![CDATA["Title of your feature"]]>
              </value>
            </param>
          </params>
          <reporter-output>
          </reporter-output>
        </test-method> <!-- runScenario -->
        <test-method signature="runScenario(io.cucumber.testng.PickleWrapper,io.cucumber.testng.FeatureWrapper)[pri:0, instance:runner.runnercucumber@4c178a76]" started-at="2023-04-05T18:03:48 EDT" name="runScenario" description="Runs Cucumber Scenarios" data-provider="scenarios" finished-at="2023-04-05T18:03:48 EDT" duration-ms="191" status="PASS">
          <params>
            <param index="0">
              <value>
                <![CDATA["The user is presented with error message for empty fields belo Password Confirmation textbox"]]>
              </value>
            </param>
            <param index="1">
              <value>
                <![CDATA["Title of your feature"]]>
              </value>
            </param>
          </params>
          <reporter-output>
          </reporter-output>
        </test-method> <!-- runScenario -->
        <test-method signature="runScenario(io.cucumber.testng.PickleWrapper,io.cucumber.testng.FeatureWrapper)[pri:0, instance:runner.runnercucumber@4c178a76]" started-at="2023-04-05T18:03:48 EDT" name="runScenario" description="Runs Cucumber Scenarios" data-provider="scenarios" finished-at="2023-04-05T18:03:49 EDT" duration-ms="1357" status="PASS">
          <params>
            <param index="0">
              <value>
                <![CDATA["to register with all the data"]]>
              </value>
            </param>
            <param index="1">
              <value>
                <![CDATA["Title of your feature"]]>
              </value>
            </param>
          </params>
          <reporter-output>
          </reporter-output>
        </test-method> <!-- runScenario -->
        <test-method signature="runScenario(io.cucumber.testng.PickleWrapper,io.cucumber.testng.FeatureWrapper)[pri:0, instance:runner.runnercucumber@4c178a76]" started-at="2023-04-05T18:03:49 EDT" name="runScenario" description="Runs Cucumber Scenarios" data-provider="scenarios" finished-at="2023-04-05T18:03:50 EDT" duration-ms="659" status="PASS">
          <params>
            <param index="0">
              <value>
                <![CDATA["to register with all the data"]]>
              </value>
            </param>
            <param index="1">
              <value>
                <![CDATA["Title of your feature"]]>
              </value>
            </param>
          </params>
          <reporter-output>
          </reporter-output>
        </test-method> <!-- runScenario -->
        <test-method signature="runScenario(io.cucumber.testng.PickleWrapper,io.cucumber.testng.FeatureWrapper)[pri:0, instance:runner.runnercucumber@4c178a76]" started-at="2023-04-05T18:03:50 EDT" name="runScenario" description="Runs Cucumber Scenarios" data-provider="scenarios" finished-at="2023-04-05T18:03:50 EDT" duration-ms="672" status="PASS">
          <params>
            <param index="0">
              <value>
                <![CDATA["to register with all the data"]]>
              </value>
            </param>
            <param index="1">
              <value>
                <![CDATA["Title of your feature"]]>
              </value>
            </param>
          </params>
          <reporter-output>
          </reporter-output>
        </test-method> <!-- runScenario -->
        <test-method signature="runScenario(io.cucumber.testng.PickleWrapper,io.cucumber.testng.FeatureWrapper)[pri:0, instance:runner.runnercucumber@4c178a76]" started-at="2023-04-05T18:03:50 EDT" name="runScenario" description="Runs Cucumber Scenarios" data-provider="scenarios" finished-at="2023-04-05T18:03:51 EDT" duration-ms="648" status="PASS">
          <params>
            <param index="0">
              <value>
                <![CDATA["to register with all the data"]]>
              </value>
            </param>
            <param index="1">
              <value>
                <![CDATA["Title of your feature"]]>
              </value>
            </param>
          </params>
          <reporter-output>
          </reporter-output>
        </test-method> <!-- runScenario -->
        <test-method signature="runScenario(io.cucumber.testng.PickleWrapper,io.cucumber.testng.FeatureWrapper)[pri:0, instance:runner.runnercucumber@4c178a76]" started-at="2023-04-05T18:03:51 EDT" name="runScenario" description="Runs Cucumber Scenarios" data-provider="scenarios" finished-at="2023-04-05T18:03:51 EDT" duration-ms="128" status="PASS">
          <params>
            <param index="0">
              <value>
                <![CDATA["Verifying signin link"]]>
              </value>
            </param>
            <param index="1">
              <value>
                <![CDATA["Title of your feature"]]>
              </value>
            </param>
          </params>
          <reporter-output>
          </reporter-output>
        </test-method> <!-- runScenario -->
        <test-method signature="runScenario(io.cucumber.testng.PickleWrapper,io.cucumber.testng.FeatureWrapper)[pri:0, instance:runner.runnercucumber@4c178a76]" started-at="2023-04-05T18:03:51 EDT" name="runScenario" description="Runs Cucumber Scenarios" data-provider="scenarios" finished-at="2023-04-05T18:03:52 EDT" duration-ms="269" status="PASS">
          <params>
            <param index="0">
              <value>
                <![CDATA["Redirect to Register page"]]>
              </value>
            </param>
            <param index="1">
              <value>
                <![CDATA["performing signin"]]>
              </value>
            </param>
          </params>
          <reporter-output>
          </reporter-output>
        </test-method> <!-- runScenario -->
        <test-method signature="runScenario(io.cucumber.testng.PickleWrapper,io.cucumber.testng.FeatureWrapper)[pri:0, instance:runner.runnercucumber@4c178a76]" started-at="2023-04-05T18:03:52 EDT" name="runScenario" description="Runs Cucumber Scenarios" data-provider="scenarios" finished-at="2023-04-05T18:03:52 EDT" duration-ms="161" status="PASS">
          <params>
            <param index="0">
              <value>
                <![CDATA["Redirect to login  page"]]>
              </value>
            </param>
            <param index="1">
              <value>
                <![CDATA["performing signin"]]>
              </value>
            </param>
          </params>
          <reporter-output>
          </reporter-output>
        </test-method> <!-- runScenario -->
        <test-method signature="runScenario(io.cucumber.testng.PickleWrapper,io.cucumber.testng.FeatureWrapper)[pri:0, instance:runner.runnercucumber@4c178a76]" started-at="2023-04-05T18:03:52 EDT" name="runScenario" description="Runs Cucumber Scenarios" data-provider="scenarios" finished-at="2023-04-05T18:03:52 EDT" duration-ms="774" status="PASS">
          <params>
            <param index="0">
              <value>
                <![CDATA["User on login page and login with invalid inputs"]]>
              </value>
            </param>
            <param index="1">
              <value>
                <![CDATA["performing signin"]]>
              </value>
            </param>
          </params>
          <reporter-output>
          </reporter-output>
        </test-method> <!-- runScenario -->
        <test-method signature="runScenario(io.cucumber.testng.PickleWrapper,io.cucumber.testng.FeatureWrapper)[pri:0, instance:runner.runnercucumber@4c178a76]" started-at="2023-04-05T18:03:52 EDT" name="runScenario" description="Runs Cucumber Scenarios" data-provider="scenarios" finished-at="2023-04-05T18:03:53 EDT" duration-ms="550" status="PASS">
          <params>
            <param index="0">
              <value>
                <![CDATA["User on login page and login with invalid inputs"]]>
              </value>
            </param>
            <param index="1">
              <value>
                <![CDATA["performing signin"]]>
              </value>
            </param>
          </params>
          <reporter-output>
          </reporter-output>
        </test-method> <!-- runScenario -->
        <test-method signature="runScenario(io.cucumber.testng.PickleWrapper,io.cucumber.testng.FeatureWrapper)[pri:0, instance:runner.runnercucumber@4c178a76]" started-at="2023-04-05T18:03:53 EDT" name="runScenario" description="Runs Cucumber Scenarios" data-provider="scenarios" finished-at="2023-04-05T18:03:53 EDT" duration-ms="424" status="PASS">
          <params>
            <param index="0">
              <value>
                <![CDATA["User on login page and login with invalid inputs"]]>
              </value>
            </param>
            <param index="1">
              <value>
                <![CDATA["performing signin"]]>
              </value>
            </param>
          </params>
          <reporter-output>
          </reporter-output>
        </test-method> <!-- runScenario -->
        <test-method signature="runScenario(io.cucumber.testng.PickleWrapper,io.cucumber.testng.FeatureWrapper)[pri:0, instance:runner.runnercucumber@4c178a76]" started-at="2023-04-05T18:03:53 EDT" name="runScenario" description="Runs Cucumber Scenarios" data-provider="scenarios" finished-at="2023-04-05T18:03:54 EDT" duration-ms="864" status="PASS">
          <params>
            <param index="0">
              <value>
                <![CDATA[""User on login page and login with invalid and valid inputs from Excel""]]>
              </value>
            </param>
            <param index="1">
              <value>
                <![CDATA["performing signin"]]>
              </value>
            </param>
          </params>
          <reporter-output>
          </reporter-output>
        </test-method> <!-- runScenario -->
        <test-method signature="runScenario(io.cucumber.testng.PickleWrapper,io.cucumber.testng.FeatureWrapper)[pri:0, instance:runner.runnercucumber@4c178a76]" started-at="2023-04-05T18:03:54 EDT" name="runScenario" description="Runs Cucumber Scenarios" data-provider="scenarios" finished-at="2023-04-05T18:03:55 EDT" duration-ms="598" status="PASS">
          <params>
            <param index="0">
              <value>
                <![CDATA[""User on login page and login with invalid and valid inputs from Excel""]]>
              </value>
            </param>
            <param index="1">
              <value>
                <![CDATA["performing signin"]]>
              </value>
            </param>
          </params>
          <reporter-output>
          </reporter-output>
        </test-method> <!-- runScenario -->
        <test-method signature="runScenario(io.cucumber.testng.PickleWrapper,io.cucumber.testng.FeatureWrapper)[pri:0, instance:runner.runnercucumber@4c178a76]" started-at="2023-04-05T18:03:55 EDT" name="runScenario" description="Runs Cucumber Scenarios" data-provider="scenarios" finished-at="2023-04-05T18:03:55 EDT" duration-ms="555" status="PASS">
          <params>
            <param index="0">
              <value>
                <![CDATA[""User on login page and login with invalid and valid inputs from Excel""]]>
              </value>
            </param>
            <param index="1">
              <value>
                <![CDATA["performing signin"]]>
              </value>
            </param>
          </params>
          <reporter-output>
          </reporter-output>
        </test-method> <!-- runScenario -->
        <test-method signature="runScenario(io.cucumber.testng.PickleWrapper,io.cucumber.testng.FeatureWrapper)[pri:0, instance:runner.runnercucumber@4c178a76]" started-at="2023-04-05T18:03:55 EDT" name="runScenario" description="Runs Cucumber Scenarios" data-provider="scenarios" finished-at="2023-04-05T18:03:56 EDT" duration-ms="666" status="PASS">
          <params>
            <param index="0">
              <value>
                <![CDATA[""User on login page and login with invalid and valid inputs from Excel""]]>
              </value>
            </param>
            <param index="1">
              <value>
                <![CDATA["performing signin"]]>
              </value>
            </param>
          </params>
          <reporter-output>
          </reporter-output>
        </test-method> <!-- runScenario -->
        <test-method signature="runScenario(io.cucumber.testng.PickleWrapper,io.cucumber.testng.FeatureWrapper)[pri:0, instance:runner.runnercucumber@4c178a76]" started-at="2023-04-05T18:03:56 EDT" name="runScenario" description="Runs Cucumber Scenarios" data-provider="scenarios" finished-at="2023-04-05T18:03:56 EDT" duration-ms="212" status="PASS">
          <params>
            <param index="0">
              <value>
                <![CDATA["Verifying signout link"]]>
              </value>
            </param>
            <param index="1">
              <value>
                <![CDATA["performing signin"]]>
              </value>
            </param>
          </params>
          <reporter-output>
          </reporter-output>
        </test-method> <!-- runScenario -->
        <test-method is-config="true" signature="tearDownClass()[pri:0, instance:runner.runnercucumber@4c178a76]" started-at="2023-04-05T18:03:56 EDT" name="tearDownClass" finished-at="2023-04-05T18:04:01 EDT" duration-ms="4922" status="PASS">
          <reporter-output>
          </reporter-output>
        </test-method> <!-- tearDownClass -->
      </class> <!-- runner.runnercucumber -->
    </test> <!-- Default test -->
  </suite> <!-- Default suite -->
</testng-results>
